Unity Editor version:    2021.3.18f1 (3129e69bc0c7)
Branch:                  2021.3/staging
Build type:              Release
Batch mode:              YES
macOS version:           Version 13.1 (Build 22C65)
Darwin version:          22.2.0
Architecture:            arm64
Running under Rosetta:   NO
Available memory:        32768 MB
Using pre-set license
Pro License: YES

COMMAND LINE ARGUMENTS:
/Applications/Unity/Hub/Editor/2021.3.18f1/Unity.app/Contents/MacOS/Unity
-adb2
-batchMode
-noUpm
-name
AssetImportWorker11
-projectPath
/Users/alina.miltenberger/Desktop/GameJam/ggj-roots/GGJ-Roots-Unity
-logFile
Logs/AssetImportWorker11.log
-srvPort
52852
Successfully changed project path to: /Users/alina.miltenberger/Desktop/GameJam/ggj-roots/GGJ-Roots-Unity
/Users/alina.miltenberger/Desktop/GameJam/ggj-roots/GGJ-Roots-Unity
[UnityMemory] Configuration Parameters - Can be set up in boot.config
    "memorysetup-bucket-allocator-granularity=16"
    "memorysetup-bucket-allocator-bucket-count=8"
    "memorysetup-bucket-allocator-block-size=33554432"
    "memorysetup-bucket-allocator-block-count=8"
    "memorysetup-main-allocator-block-size=16777216"
    "memorysetup-thread-allocator-block-size=16777216"
    "memorysetup-gfx-main-allocator-block-size=16777216"
    "memorysetup-gfx-thread-allocator-block-size=16777216"
    "memorysetup-cache-allocator-block-size=4194304"
    "memorysetup-typetree-allocator-block-size=2097152"
    "memorysetup-profiler-bucket-allocator-granularity=16"
    "memorysetup-profiler-bucket-allocator-bucket-count=8"
    "memorysetup-profiler-bucket-allocator-block-size=33554432"
    "memorysetup-profiler-bucket-allocator-block-count=8"
    "memorysetup-profiler-allocator-block-size=16777216"
    "memorysetup-profiler-editor-allocator-block-size=1048576"
    "memorysetup-temp-allocator-size-main=16777216"
    "memorysetup-job-temp-allocator-block-size=2097152"
    "memorysetup-job-temp-allocator-block-size-background=1048576"
    "memorysetup-job-temp-allocator-reduction-small-platforms=262144"
    "memorysetup-temp-allocator-size-background-worker=32768"
    "memorysetup-temp-allocator-size-job-worker=262144"
    "memorysetup-temp-allocator-size-preload-manager=33554432"
    "memorysetup-temp-allocator-size-nav-mesh-worker=65536"
    "memorysetup-temp-allocator-size-audio-worker=65536"
    "memorysetup-temp-allocator-size-cloud-worker=32768"
    "memorysetup-temp-allocator-size-gi-baking-worker=262144"
    "memorysetup-temp-allocator-size-gfx=262144"
Player connection [8172616320] Host "[IP] 172.18.34.240 [Port] 0 [Flags] 2 [Guid] 4173449686 [EditorId] 4173449686 [Version] 1048832 [Id] OSXEditor(0,MB-20001528) [Debug] 1 [PackageName] OSXEditor [ProjectName] Editor" joined multi-casting on [225.0.0.222:54997]...

Player connection [8172616320] Host "[IP] 172.18.34.240 [Port] 0 [Flags] 2 [Guid] 4173449686 [EditorId] 4173449686 [Version] 1048832 [Id] OSXEditor(0,MB-20001528) [Debug] 1 [PackageName] OSXEditor [ProjectName] Editor" joined alternative multi-casting on [225.0.0.222:34997]...

Refreshing native plugins compatible for Editor in 91.24 ms, found 3 plugins.
Preloading 0 native plugins for Editor in 0.00 ms.
Initialize engine version: 2021.3.18f1 (3129e69bc0c7)
[Subsystems] Discovering subsystems at path /Applications/Unity/Hub/Editor/2021.3.18f1/Unity.app/Contents/Resources/UnitySubsystems
[Subsystems] Discovering subsystems at path /Users/alina.miltenberger/Desktop/GameJam/ggj-roots/GGJ-Roots-Unity/Assets
GfxDevice: creating device client; threaded=0; jobified=0
 preferred device: Apple M1 Pro (high power)
Metal devices available: 1
0: Apple M1 Pro (high power)
Using device Apple M1 Pro (high power)
Initializing Metal device caps: Apple M1 Pro
Initialize mono
Mono path[0] = '/Applications/Unity/Hub/Editor/2021.3.18f1/Unity.app/Contents/Managed'
Mono path[1] = '/Applications/Unity/Hub/Editor/2021.3.18f1/Unity.app/Contents/MonoBleedingEdge/lib/mono/unityjit-macos'
Mono config path = '/Applications/Unity/Hub/Editor/2021.3.18f1/Unity.app/Contents/MonoBleedingEdge/etc'
Using monoOptions --debugger-agent=transport=dt_socket,embedding=1,server=y,suspend=n,address=127.0.0.1:56711
Begin MonoManager ReloadAssembly
Registering precompiled unity dll's ...
Register platform support module: /Applications/Unity/Hub/Editor/2021.3.18f1/Unity.app/Contents/PlaybackEngines/MacStandaloneSupport/UnityEditor.OSXStandalone.Extensions.dll
Registered in 0.001278 seconds.
Native extension for OSXStandalone target not found
Refreshing native plugins compatible for Editor in 87.97 ms, found 3 plugins.
Preloading 0 native plugins for Editor in 0.00 ms.
Mono: successfully reloaded assembly
- Completed reload, in  0.482 seconds
Domain Reload Profiling:
	ReloadAssembly (482ms)
		BeginReloadAssembly (70ms)
			ExecutionOrderSort (0ms)
			DisableScriptedObjects (0ms)
			BackupInstance (0ms)
			ReleaseScriptingObjects (0ms)
			CreateAndSetChildDomain (0ms)
		EndReloadAssembly (337ms)
			LoadAssemblies (71ms)
			RebuildTransferFunctionScriptingTraits (0ms)
			SetupTypeCache (73ms)
			ReleaseScriptCaches (0ms)
			RebuildScriptCaches (21ms)
			SetupLoadedEditorAssemblies (213ms)
				LogAssemblyErrors (0ms)
				InitializePlatformSupportModulesInManaged (4ms)
				SetLoadedEditorAssemblies (0ms)
				RefreshPlugins (88ms)
				BeforeProcessingInitializeOnLoad (1ms)
				ProcessInitializeOnLoadAttributes (94ms)
				ProcessInitializeOnLoadMethodAttributes (25ms)
				AfterProcessingInitializeOnLoad (0ms)
				EditorAssembliesLoaded (0ms)
			ExecutionOrderSort2 (0ms)
			AwakeInstancesAfterBackupRestoration (0ms)
Platform modules already initialized, skipping
Registering precompiled user dll's ...
Registered in 0.001952 seconds.
Begin MonoManager ReloadAssembly
Symbol file LoadedFromMemory doesn't match image /Users/alina.miltenberger/Desktop/GameJam/ggj-roots/GGJ-Roots-Unity/Library/PackageCache/com.unity.visualscripting@1.8.0/Editor/VisualScripting.Core/Dependencies/YamlDotNet/Unity.VisualScripting.YamlDotNet.dll
Symbol file LoadedFromMemory doesn't match image /Users/alina.miltenberger/Desktop/GameJam/ggj-roots/GGJ-Roots-Unity/Library/PackageCache/com.unity.visualscripting@1.8.0/Editor/VisualScripting.Core/Dependencies/DotNetZip/Unity.VisualScripting.IonicZip.dll
Native extension for OSXStandalone target not found
Refreshing native plugins compatible for Editor in 83.26 ms, found 3 plugins.
Preloading 0 native plugins for Editor in 0.00 ms.
Mono: successfully reloaded assembly
- Completed reload, in  0.784 seconds
Domain Reload Profiling:
	ReloadAssembly (784ms)
		BeginReloadAssembly (55ms)
			ExecutionOrderSort (0ms)
			DisableScriptedObjects (3ms)
			BackupInstance (0ms)
			ReleaseScriptingObjects (0ms)
			CreateAndSetChildDomain (14ms)
		EndReloadAssembly (660ms)
			LoadAssemblies (62ms)
			RebuildTransferFunctionScriptingTraits (0ms)
			SetupTypeCache (159ms)
			ReleaseScriptCaches (1ms)
			RebuildScriptCaches (41ms)
			SetupLoadedEditorAssemblies (364ms)
				LogAssemblyErrors (0ms)
				InitializePlatformSupportModulesInManaged (2ms)
				SetLoadedEditorAssemblies (0ms)
				RefreshPlugins (83ms)
				BeforeProcessingInitializeOnLoad (72ms)
				ProcessInitializeOnLoadAttributes (161ms)
				ProcessInitializeOnLoadMethodAttributes (45ms)
				AfterProcessingInitializeOnLoad (1ms)
				EditorAssembliesLoaded (0ms)
			ExecutionOrderSort2 (0ms)
			AwakeInstancesAfterBackupRestoration (2ms)
Platform modules already initialized, skipping
========================================================================
Worker process is ready to serve import requests
Launching external process: /Applications/Unity/Hub/Editor/2021.3.18f1/Unity.app/Contents/Tools/UnityShaderCompiler
Launched and connected shader compiler UnityShaderCompiler after 0.05 seconds
Refreshing native plugins compatible for Editor in 0.50 ms, found 3 plugins.
Preloading 0 native plugins for Editor in 0.00 ms.
Unloading 4835 Unused Serialized files (Serialized files now loaded: 0)
Unloading 120 unused Assets / (11.7 MB). Loaded Objects now: 5212.
Memory consumption went from 201.1 MB to 189.4 MB.
Total: 5.930292 ms (FindLiveObjects: 0.134666 ms CreateObjectMapping: 0.060459 ms MarkObjects: 2.376333 ms  DeleteObjects: 3.358167 ms)

AssetImportParameters requested are different than current active one (requested -> active):
  custom:video-decoder-ogg-theora: a1e56fd34408186e4bbccfd4996cb3dc -> 
  custom:container-muxer-webm: aa71ff27fc2769a1b78a27578f13a17b -> 
  custom:container-demuxer-webm: 4f35f7cbe854078d1ac9338744f61a02 -> 
  custom:video-encoder-webm-vp8: eb34c28f22e8b96e1ab97ce403110664 -> 
  custom:framework-osx-AVFoundation: e770b220cccbd017edd2c1fefb359320 -> 
  custom:audio-encoder-webm-vorbis: bf7c407c2cedff20999df2af8eb42d56 -> 
  custom:container-demuxer-ogg: 62fdf1f143b41e24485cea50d1cbac27 -> 
  custom:video-decoder-webm-vp8: 9c59270c3fd7afecdb556c50c9e8de78 -> 
  custom:audio-decoder-ogg-vorbis: bf7c407c2cedff20999df2af8eb42d56 -> 
========================================================================
Received Import Request.
  Time since last request: 1139720.865471 seconds.
  path: Assets/DrRootFinalAssets
  artifactKey: Guid(2b703db0fd73d41fd9682952c8c38eb0) Importer(815301076,1909f56bfc062723c751e8b465ee728b)
Start importing Assets/DrRootFinalAssets using Guid(2b703db0fd73d41fd9682952c8c38eb0) Importer(815301076,1909f56bfc062723c751e8b465ee728b)  -> (artifact id: '58d31e260d0131f7d76ef2bc3736b54f') in 0.007924 seconds 
========================================================================
Received Import Request.
  Time since last request: 21.563860 seconds.
  path: Assets/DR_Root.fbx
  artifactKey: Guid(6d6c561e6462e4e6cba33b5776276bfd) Importer(815301076,1909f56bfc062723c751e8b465ee728b)
Start importing Assets/DR_Root.fbx using Guid(6d6c561e6462e4e6cba33b5776276bfd) Importer(815301076,1909f56bfc062723c751e8b465ee728b)  -> (artifact id: 'd2e174b0041bc2ecdc76bd532b77be4d') in 0.271737 seconds 
========================================================================
Received Import Request.
  Time since last request: 0.000068 seconds.
  path: Assets/DR_Root_Use_Tool.fbx
  artifactKey: Guid(eb19aff31a34d49c29fe8818db7a8f26) Importer(815301076,1909f56bfc062723c751e8b465ee728b)
Start importing Assets/DR_Root_Use_Tool.fbx using Guid(eb19aff31a34d49c29fe8818db7a8f26) Importer(815301076,1909f56bfc062723c751e8b465ee728b)  -> (artifact id: '9bd0d893b5354834f87fd828363541a9') in 0.101813 seconds 
========================================================================
Received Import Request.
  Time since last request: 38.474281 seconds.
  path: Assets/SD Unity-Chan Haon Custom/Models/Parts/Accessory_00.fbx
  artifactKey: Guid(f6a92ea2a0c495f458a00ff908e394e3) Importer(815301076,1909f56bfc062723c751e8b465ee728b)
Start importing Assets/SD Unity-Chan Haon Custom/Models/Parts/Accessory_00.fbx using Guid(f6a92ea2a0c495f458a00ff908e394e3) Importer(815301076,1909f56bfc062723c751e8b465ee728b)  -> (artifact id: 'ce2f0ea73dab1792efe4676bcc431cb7') in 0.021234 seconds 
========================================================================
Received Import Request.
  Time since last request: 0.000047 seconds.
  path: Assets/SD Unity-Chan Haon Custom/Models/Parts/EyeLight_02_L.fbx
  artifactKey: Guid(040243e6c1a99954f8f374657c13f19d) Importer(815301076,1909f56bfc062723c751e8b465ee728b)
Start importing Assets/SD Unity-Chan Haon Custom/Models/Parts/EyeLight_02_L.fbx using Guid(040243e6c1a99954f8f374657c13f19d) Importer(815301076,1909f56bfc062723c751e8b465ee728b)  -> (artifact id: '04436f6bfa8f59e6e94af4ae4d5d99ab') in 0.058662 seconds 
========================================================================
Received Import Request.
  Time since last request: 0.000063 seconds.
  path: Assets/SD Unity-Chan Haon Custom/Models/Parts/Face_02.fbx
  artifactKey: Guid(8f615bae3b4fc944cae59f91b568747f) Importer(815301076,1909f56bfc062723c751e8b465ee728b)
Start importing Assets/SD Unity-Chan Haon Custom/Models/Parts/Face_02.fbx using Guid(8f615bae3b4fc944cae59f91b568747f) Importer(815301076,1909f56bfc062723c751e8b465ee728b)  -> (artifact id: '9a358a3eeab81f04f5f0cfb81b71ef02') in 0.041751 seconds 
========================================================================
Received Import Request.
  Time since last request: 0.000059 seconds.
  path: Assets/SD Unity-Chan Haon Custom/Models/Parts/Costume_01.fbx
  artifactKey: Guid(193a954f66f3cf943bceaccec7ce331e) Importer(815301076,1909f56bfc062723c751e8b465ee728b)
Start importing Assets/SD Unity-Chan Haon Custom/Models/Parts/Costume_01.fbx using Guid(193a954f66f3cf943bceaccec7ce331e) Importer(815301076,1909f56bfc062723c751e8b465ee728b)  -> (artifact id: '19002ef6c8be1d26e6691f346e3d799e') in 0.023985 seconds 
========================================================================
Received Import Request.
  Time since last request: 0.000047 seconds.
  path: Assets/SD Unity-Chan Haon Custom/Models/Parts/Hair_02_Base.fbx
  artifactKey: Guid(a146594ebbaebc84a801b8e87505f844) Importer(815301076,1909f56bfc062723c751e8b465ee728b)
Start importing Assets/SD Unity-Chan Haon Custom/Models/Parts/Hair_02_Base.fbx using Guid(a146594ebbaebc84a801b8e87505f844) Importer(815301076,1909f56bfc062723c751e8b465ee728b)  -> (artifact id: '9b807c7e3f498e4fc1711ca019a5a77a') in 0.031789 seconds 
========================================================================
Received Import Request.
  Time since last request: 0.000059 seconds.
  path: Assets/SD Unity-Chan Haon Custom/Models/Parts/Costume_03.fbx
  artifactKey: Guid(e2425d323ad15a14db2323ecd7b462ac) Importer(815301076,1909f56bfc062723c751e8b465ee728b)
Start importing Assets/SD Unity-Chan Haon Custom/Models/Parts/Costume_03.fbx using Guid(e2425d323ad15a14db2323ecd7b462ac) Importer(815301076,1909f56bfc062723c751e8b465ee728b)  -> (artifact id: '132df74eef610595688b092cf7567abf') in 0.023115 seconds 
========================================================================
Received Import Request.
  Time since last request: 0.000040 seconds.
  path: Assets/SD Unity-Chan Haon Custom/Models/Parts/Eye_00_L.fbx
  artifactKey: Guid(ddd8fa7b3e90f5a47ac055791c33cd33) Importer(815301076,1909f56bfc062723c751e8b465ee728b)
Start importing Assets/SD Unity-Chan Haon Custom/Models/Parts/Eye_00_L.fbx using Guid(ddd8fa7b3e90f5a47ac055791c33cd33) Importer(815301076,1909f56bfc062723c751e8b465ee728b)  -> (artifact id: '942e6f458ba2de1c95a7b00ad7fe2faa') in 0.014605 seconds 
========================================================================
Received Import Request.
  Time since last request: 0.000061 seconds.
  path: Assets/SD Unity-Chan Haon Custom/Models/Parts/EyeLight_01_R.fbx
  artifactKey: Guid(9f5f7a3051964b14d8eb48a0ba574e3f) Importer(815301076,1909f56bfc062723c751e8b465ee728b)
Start importing Assets/SD Unity-Chan Haon Custom/Models/Parts/EyeLight_01_R.fbx using Guid(9f5f7a3051964b14d8eb48a0ba574e3f) Importer(815301076,1909f56bfc062723c751e8b465ee728b)  -> (artifact id: '44d8bd0ebe6e06fdd76aea24d76a5fc2') in 0.009651 seconds 
========================================================================
Received Import Request.
  Time since last request: 0.000043 seconds.
  path: Assets/SD Unity-Chan Haon Custom/Models/Parts/Eye_00_R.fbx
  artifactKey: Guid(1916394ce5d6072439e502357a407567) Importer(815301076,1909f56bfc062723c751e8b465ee728b)
Start importing Assets/SD Unity-Chan Haon Custom/Models/Parts/Eye_00_R.fbx using Guid(1916394ce5d6072439e502357a407567) Importer(815301076,1909f56bfc062723c751e8b465ee728b)  -> (artifact id: 'dafb07b6f5b7d7249d3875f6e80b6165') in 0.013777 seconds 
========================================================================
Received Import Request.
  Time since last request: 0.000052 seconds.
  path: Assets/SD Unity-Chan Haon Custom/Models/Parts/Eye_02_L.fbx
  artifactKey: Guid(9ce156784ef209045be338a368e13d9d) Importer(815301076,1909f56bfc062723c751e8b465ee728b)
Start importing Assets/SD Unity-Chan Haon Custom/Models/Parts/Eye_02_L.fbx using Guid(9ce156784ef209045be338a368e13d9d) Importer(815301076,1909f56bfc062723c751e8b465ee728b)  -> (artifact id: '83fd5a2edc1fd391c38c2d2dcb131721') in 0.013830 seconds 
========================================================================
Received Import Request.
  Time since last request: 0.000042 seconds.
  path: Assets/SD Unity-Chan Haon Custom/Models/Parts/EyeLight_01_L.fbx
  artifactKey: Guid(a5ef0863cbef51144b0d036586e669ba) Importer(815301076,1909f56bfc062723c751e8b465ee728b)
Start importing Assets/SD Unity-Chan Haon Custom/Models/Parts/EyeLight_01_L.fbx using Guid(a5ef0863cbef51144b0d036586e669ba) Importer(815301076,1909f56bfc062723c751e8b465ee728b)  -> (artifact id: '767901ce7ccd9aa884212c7d2aa3c778') in 0.009728 seconds 
========================================================================
Received Import Request.
  Time since last request: 0.000059 seconds.
  path: Assets/SD Unity-Chan Haon Custom/Models/Parts/Face_00.fbx
  artifactKey: Guid(207f23503b6a22448a7c7139ed5e8286) Importer(815301076,1909f56bfc062723c751e8b465ee728b)
Start importing Assets/SD Unity-Chan Haon Custom/Models/Parts/Face_00.fbx using Guid(207f23503b6a22448a7c7139ed5e8286) Importer(815301076,1909f56bfc062723c751e8b465ee728b)  -> (artifact id: '0f80b6f6e20de865769c4c83847f1771') in 0.011537 seconds 
========================================================================
Received Import Request.
  Time since last request: 0.000044 seconds.
  path: Assets/SD Unity-Chan Haon Custom/Models/Parts/Hair_01_Front.fbx
  artifactKey: Guid(731ecf5991c41524e81af48795bf9092) Importer(815301076,1909f56bfc062723c751e8b465ee728b)
Start importing Assets/SD Unity-Chan Haon Custom/Models/Parts/Hair_01_Front.fbx using Guid(731ecf5991c41524e81af48795bf9092) Importer(815301076,1909f56bfc062723c751e8b465ee728b)  -> (artifact id: '6b11c9f91edcdb3063447cd2197ebe27') in 0.013804 seconds 
Editor requested this worker to shutdown with reason: Scaling down because of idle timeout
AssetImportWorker is now disconnected from the server
Process exiting
