Unity Editor version:    2021.3.18f1 (3129e69bc0c7)
Branch:                  2021.3/staging
Build type:              Release
Batch mode:              YES
macOS version:           Version 13.1 (Build 22C65)
Darwin version:          22.2.0
Architecture:            arm64
Running under Rosetta:   NO
Available memory:        32768 MB
Using pre-set license
Pro License: YES

COMMAND LINE ARGUMENTS:
/Applications/Unity/Hub/Editor/2021.3.18f1/Unity.app/Contents/MacOS/Unity
-adb2
-batchMode
-noUpm
-name
AssetImportWorker10
-projectPath
/Users/alina.miltenberger/Desktop/GameJam/ggj-roots/GGJ-Roots-Unity
-logFile
Logs/AssetImportWorker10.log
-srvPort
52852
Successfully changed project path to: /Users/alina.miltenberger/Desktop/GameJam/ggj-roots/GGJ-Roots-Unity
/Users/alina.miltenberger/Desktop/GameJam/ggj-roots/GGJ-Roots-Unity
[UnityMemory] Configuration Parameters - Can be set up in boot.config
    "memorysetup-bucket-allocator-granularity=16"
    "memorysetup-bucket-allocator-bucket-count=8"
    "memorysetup-bucket-allocator-block-size=33554432"
    "memorysetup-bucket-allocator-block-count=8"
    "memorysetup-main-allocator-block-size=16777216"
    "memorysetup-thread-allocator-block-size=16777216"
    "memorysetup-gfx-main-allocator-block-size=16777216"
    "memorysetup-gfx-thread-allocator-block-size=16777216"
    "memorysetup-cache-allocator-block-size=4194304"
    "memorysetup-typetree-allocator-block-size=2097152"
    "memorysetup-profiler-bucket-allocator-granularity=16"
    "memorysetup-profiler-bucket-allocator-bucket-count=8"
    "memorysetup-profiler-bucket-allocator-block-size=33554432"
    "memorysetup-profiler-bucket-allocator-block-count=8"
    "memorysetup-profiler-allocator-block-size=16777216"
    "memorysetup-profiler-editor-allocator-block-size=1048576"
    "memorysetup-temp-allocator-size-main=16777216"
    "memorysetup-job-temp-allocator-block-size=2097152"
    "memorysetup-job-temp-allocator-block-size-background=1048576"
    "memorysetup-job-temp-allocator-reduction-small-platforms=262144"
    "memorysetup-temp-allocator-size-background-worker=32768"
    "memorysetup-temp-allocator-size-job-worker=262144"
    "memorysetup-temp-allocator-size-preload-manager=33554432"
    "memorysetup-temp-allocator-size-nav-mesh-worker=65536"
    "memorysetup-temp-allocator-size-audio-worker=65536"
    "memorysetup-temp-allocator-size-cloud-worker=32768"
    "memorysetup-temp-allocator-size-gi-baking-worker=262144"
    "memorysetup-temp-allocator-size-gfx=262144"
Player connection [8172616320] Host "[IP] 172.18.34.240 [Port] 0 [Flags] 2 [Guid] 746421622 [EditorId] 746421622 [Version] 1048832 [Id] OSXEditor(0,MB-20001528) [Debug] 1 [PackageName] OSXEditor [ProjectName] Editor" joined multi-casting on [225.0.0.222:54997]...

Player connection [8172616320] Host "[IP] 172.18.34.240 [Port] 0 [Flags] 2 [Guid] 746421622 [EditorId] 746421622 [Version] 1048832 [Id] OSXEditor(0,MB-20001528) [Debug] 1 [PackageName] OSXEditor [ProjectName] Editor" joined alternative multi-casting on [225.0.0.222:34997]...

Refreshing native plugins compatible for Editor in 92.25 ms, found 3 plugins.
Preloading 0 native plugins for Editor in 0.00 ms.
Initialize engine version: 2021.3.18f1 (3129e69bc0c7)
[Subsystems] Discovering subsystems at path /Applications/Unity/Hub/Editor/2021.3.18f1/Unity.app/Contents/Resources/UnitySubsystems
[Subsystems] Discovering subsystems at path /Users/alina.miltenberger/Desktop/GameJam/ggj-roots/GGJ-Roots-Unity/Assets
GfxDevice: creating device client; threaded=0; jobified=0
 preferred device: Apple M1 Pro (high power)
Metal devices available: 1
0: Apple M1 Pro (high power)
Using device Apple M1 Pro (high power)
Initializing Metal device caps: Apple M1 Pro
Initialize mono
Mono path[0] = '/Applications/Unity/Hub/Editor/2021.3.18f1/Unity.app/Contents/Managed'
Mono path[1] = '/Applications/Unity/Hub/Editor/2021.3.18f1/Unity.app/Contents/MonoBleedingEdge/lib/mono/unityjit-macos'
Mono config path = '/Applications/Unity/Hub/Editor/2021.3.18f1/Unity.app/Contents/MonoBleedingEdge/etc'
Using monoOptions --debugger-agent=transport=dt_socket,embedding=1,server=y,suspend=n,address=127.0.0.1:56709
Begin MonoManager ReloadAssembly
Registering precompiled unity dll's ...
Register platform support module: /Applications/Unity/Hub/Editor/2021.3.18f1/Unity.app/Contents/PlaybackEngines/MacStandaloneSupport/UnityEditor.OSXStandalone.Extensions.dll
Registered in 0.000459 seconds.
Native extension for OSXStandalone target not found
Refreshing native plugins compatible for Editor in 86.98 ms, found 3 plugins.
Preloading 0 native plugins for Editor in 0.00 ms.
Mono: successfully reloaded assembly
- Completed reload, in  0.483 seconds
Domain Reload Profiling:
	ReloadAssembly (483ms)
		BeginReloadAssembly (71ms)
			ExecutionOrderSort (0ms)
			DisableScriptedObjects (0ms)
			BackupInstance (0ms)
			ReleaseScriptingObjects (0ms)
			CreateAndSetChildDomain (1ms)
		EndReloadAssembly (338ms)
			LoadAssemblies (71ms)
			RebuildTransferFunctionScriptingTraits (0ms)
			SetupTypeCache (73ms)
			ReleaseScriptCaches (0ms)
			RebuildScriptCaches (22ms)
			SetupLoadedEditorAssemblies (212ms)
				LogAssemblyErrors (0ms)
				InitializePlatformSupportModulesInManaged (4ms)
				SetLoadedEditorAssemblies (0ms)
				RefreshPlugins (87ms)
				BeforeProcessingInitializeOnLoad (1ms)
				ProcessInitializeOnLoadAttributes (94ms)
				ProcessInitializeOnLoadMethodAttributes (26ms)
				AfterProcessingInitializeOnLoad (0ms)
				EditorAssembliesLoaded (0ms)
			ExecutionOrderSort2 (0ms)
			AwakeInstancesAfterBackupRestoration (0ms)
Platform modules already initialized, skipping
Registering precompiled user dll's ...
Registered in 0.001793 seconds.
Begin MonoManager ReloadAssembly
Symbol file LoadedFromMemory doesn't match image /Users/alina.miltenberger/Desktop/GameJam/ggj-roots/GGJ-Roots-Unity/Library/PackageCache/com.unity.visualscripting@1.8.0/Editor/VisualScripting.Core/Dependencies/YamlDotNet/Unity.VisualScripting.YamlDotNet.dll
Symbol file LoadedFromMemory doesn't match image /Users/alina.miltenberger/Desktop/GameJam/ggj-roots/GGJ-Roots-Unity/Library/PackageCache/com.unity.visualscripting@1.8.0/Editor/VisualScripting.Core/Dependencies/DotNetZip/Unity.VisualScripting.IonicZip.dll
Native extension for OSXStandalone target not found
Refreshing native plugins compatible for Editor in 79.87 ms, found 3 plugins.
Preloading 0 native plugins for Editor in 0.00 ms.
Mono: successfully reloaded assembly
- Completed reload, in  0.781 seconds
Domain Reload Profiling:
	ReloadAssembly (781ms)
		BeginReloadAssembly (55ms)
			ExecutionOrderSort (0ms)
			DisableScriptedObjects (3ms)
			BackupInstance (0ms)
			ReleaseScriptingObjects (0ms)
			CreateAndSetChildDomain (15ms)
		EndReloadAssembly (660ms)
			LoadAssemblies (61ms)
			RebuildTransferFunctionScriptingTraits (0ms)
			SetupTypeCache (162ms)
			ReleaseScriptCaches (1ms)
			RebuildScriptCaches (42ms)
			SetupLoadedEditorAssemblies (360ms)
				LogAssemblyErrors (0ms)
				InitializePlatformSupportModulesInManaged (2ms)
				SetLoadedEditorAssemblies (0ms)
				RefreshPlugins (80ms)
				BeforeProcessingInitializeOnLoad (71ms)
				ProcessInitializeOnLoadAttributes (161ms)
				ProcessInitializeOnLoadMethodAttributes (45ms)
				AfterProcessingInitializeOnLoad (1ms)
				EditorAssembliesLoaded (0ms)
			ExecutionOrderSort2 (0ms)
			AwakeInstancesAfterBackupRestoration (2ms)
Platform modules already initialized, skipping
========================================================================
Worker process is ready to serve import requests
Launching external process: /Applications/Unity/Hub/Editor/2021.3.18f1/Unity.app/Contents/Tools/UnityShaderCompiler
Launched and connected shader compiler UnityShaderCompiler after 0.05 seconds
Refreshing native plugins compatible for Editor in 0.52 ms, found 3 plugins.
Preloading 0 native plugins for Editor in 0.00 ms.
Unloading 4835 Unused Serialized files (Serialized files now loaded: 0)
Unloading 120 unused Assets / (11.8 MB). Loaded Objects now: 5212.
Memory consumption went from 201.2 MB to 189.4 MB.
Total: 6.352834 ms (FindLiveObjects: 0.161125 ms CreateObjectMapping: 0.062875 ms MarkObjects: 2.465375 ms  DeleteObjects: 3.662500 ms)

AssetImportParameters requested are different than current active one (requested -> active):
  custom:video-decoder-ogg-theora: a1e56fd34408186e4bbccfd4996cb3dc -> 
  custom:container-muxer-webm: aa71ff27fc2769a1b78a27578f13a17b -> 
  custom:container-demuxer-webm: 4f35f7cbe854078d1ac9338744f61a02 -> 
  custom:video-encoder-webm-vp8: eb34c28f22e8b96e1ab97ce403110664 -> 
  custom:framework-osx-AVFoundation: e770b220cccbd017edd2c1fefb359320 -> 
  custom:audio-encoder-webm-vorbis: bf7c407c2cedff20999df2af8eb42d56 -> 
  custom:container-demuxer-ogg: 62fdf1f143b41e24485cea50d1cbac27 -> 
  custom:video-decoder-webm-vp8: 9c59270c3fd7afecdb556c50c9e8de78 -> 
  custom:audio-decoder-ogg-vorbis: bf7c407c2cedff20999df2af8eb42d56 -> 
========================================================================
Received Import Request.
  Time since last request: 1139742.441382 seconds.
  path: Assets/DR_Root_Idle.fbx
  artifactKey: Guid(4e6863c1588974057be1851594cd7a87) Importer(815301076,1909f56bfc062723c751e8b465ee728b)
Start importing Assets/DR_Root_Idle.fbx using Guid(4e6863c1588974057be1851594cd7a87) Importer(815301076,1909f56bfc062723c751e8b465ee728b)  -> (artifact id: '7523721ac449fbc66481e2eac70ec5fc') in 0.272113 seconds 
========================================================================
Received Import Request.
  Time since last request: 38.581850 seconds.
  path: Assets/SD Unity-Chan Haon Custom/Models/Parts/Accessory_01.fbx
  artifactKey: Guid(dc94cc429b47dd84e8a527376d6e05d1) Importer(815301076,1909f56bfc062723c751e8b465ee728b)
Start importing Assets/SD Unity-Chan Haon Custom/Models/Parts/Accessory_01.fbx using Guid(dc94cc429b47dd84e8a527376d6e05d1) Importer(815301076,1909f56bfc062723c751e8b465ee728b)  -> (artifact id: 'c53852be66b4433522a9a2246310d100') in 0.070559 seconds 
========================================================================
Received Import Request.
  Time since last request: 0.000060 seconds.
  path: Assets/SD Unity-Chan Haon Custom/Models/Parts/EyeLight_00_R.fbx
  artifactKey: Guid(d0d3992b3ab5d664f86ebedbc2f7f32c) Importer(815301076,1909f56bfc062723c751e8b465ee728b)
Start importing Assets/SD Unity-Chan Haon Custom/Models/Parts/EyeLight_00_R.fbx using Guid(d0d3992b3ab5d664f86ebedbc2f7f32c) Importer(815301076,1909f56bfc062723c751e8b465ee728b)  -> (artifact id: '819a18ef0aeb63977e3d0e9ef3d33b06') in 0.020103 seconds 
========================================================================
Received Import Request.
  Time since last request: 0.000052 seconds.
  path: Assets/SD Unity-Chan Haon Custom/Models/Parts/EyeLight_02_R.fbx
  artifactKey: Guid(9c92d641718bd7944bc1c13062d8a562) Importer(815301076,1909f56bfc062723c751e8b465ee728b)
Start importing Assets/SD Unity-Chan Haon Custom/Models/Parts/EyeLight_02_R.fbx using Guid(9c92d641718bd7944bc1c13062d8a562) Importer(815301076,1909f56bfc062723c751e8b465ee728b)  -> (artifact id: 'e0ae6b417e5bdc6157855be0eaab00fd') in 0.009824 seconds 
========================================================================
Received Import Request.
  Time since last request: 0.000040 seconds.
  path: Assets/SD Unity-Chan Haon Custom/Models/Parts/Face_01.fbx
  artifactKey: Guid(19b3520048fec7345982be6761526df3) Importer(815301076,1909f56bfc062723c751e8b465ee728b)
Start importing Assets/SD Unity-Chan Haon Custom/Models/Parts/Face_01.fbx using Guid(19b3520048fec7345982be6761526df3) Importer(815301076,1909f56bfc062723c751e8b465ee728b)  -> (artifact id: 'cae8ba804ad9a8df9dd72f9b61ece48b') in 0.038984 seconds 
========================================================================
Received Import Request.
  Time since last request: 0.000059 seconds.
  path: Assets/SD Unity-Chan Haon Custom/Models/Parts/Hair_00_Base.fbx
  artifactKey: Guid(2e82b72d6ee6004469434238fcc4887a) Importer(815301076,1909f56bfc062723c751e8b465ee728b)
Start importing Assets/SD Unity-Chan Haon Custom/Models/Parts/Hair_00_Base.fbx using Guid(2e82b72d6ee6004469434238fcc4887a) Importer(815301076,1909f56bfc062723c751e8b465ee728b)  -> (artifact id: 'c5f8547f6adcd85b89b54242371b2d0f') in 0.017008 seconds 
========================================================================
Received Import Request.
  Time since last request: 0.000051 seconds.
  path: Assets/SD Unity-Chan Haon Custom/Models/Parts/Hair_00_Front.fbx
  artifactKey: Guid(ba08044b46b9d274191503b96449b16e) Importer(815301076,1909f56bfc062723c751e8b465ee728b)
Start importing Assets/SD Unity-Chan Haon Custom/Models/Parts/Hair_00_Front.fbx using Guid(ba08044b46b9d274191503b96449b16e) Importer(815301076,1909f56bfc062723c751e8b465ee728b)  -> (artifact id: 'b295e2dbb9664f5779ad744ab95fc4bc') in 0.021571 seconds 
========================================================================
Received Import Request.
  Time since last request: 0.000057 seconds.
  path: Assets/SD Unity-Chan Haon Custom/Models/Parts/Accessory_02.fbx
  artifactKey: Guid(61aec2bbd941a4c45831b3509a290539) Importer(815301076,1909f56bfc062723c751e8b465ee728b)
Start importing Assets/SD Unity-Chan Haon Custom/Models/Parts/Accessory_02.fbx using Guid(61aec2bbd941a4c45831b3509a290539) Importer(815301076,1909f56bfc062723c751e8b465ee728b)  -> (artifact id: '4bd5b899f7f3e4d7c2aab52b4a365edd') in 0.013921 seconds 
========================================================================
Received Import Request.
  Time since last request: 0.000050 seconds.
  path: Assets/SD Unity-Chan Haon Custom/Models/Parts/EyeLight_00_L.fbx
  artifactKey: Guid(6131178e2a1e42242b6d58f6ba6aa6d7) Importer(815301076,1909f56bfc062723c751e8b465ee728b)
Start importing Assets/SD Unity-Chan Haon Custom/Models/Parts/EyeLight_00_L.fbx using Guid(6131178e2a1e42242b6d58f6ba6aa6d7) Importer(815301076,1909f56bfc062723c751e8b465ee728b)  -> (artifact id: '7cb2c792189ae73297e9d4569239823b') in 0.009757 seconds 
========================================================================
Received Import Request.
  Time since last request: 0.000046 seconds.
  path: Assets/SD Unity-Chan Haon Custom/Models/Parts/Eye_02_R.fbx
  artifactKey: Guid(bd27e7964625c84449f2ac3e445385f3) Importer(815301076,1909f56bfc062723c751e8b465ee728b)
Start importing Assets/SD Unity-Chan Haon Custom/Models/Parts/Eye_02_R.fbx using Guid(bd27e7964625c84449f2ac3e445385f3) Importer(815301076,1909f56bfc062723c751e8b465ee728b)  -> (artifact id: '4a3da86c3c2ff4080fb827c004d5d4ae') in 0.016831 seconds 
========================================================================
Received Import Request.
  Time since last request: 0.000046 seconds.
  path: Assets/SD Unity-Chan Haon Custom/Models/Parts/Eye_01_R.fbx
  artifactKey: Guid(3c36a19694fa33d4f8972df9cab583c5) Importer(815301076,1909f56bfc062723c751e8b465ee728b)
Start importing Assets/SD Unity-Chan Haon Custom/Models/Parts/Eye_01_R.fbx using Guid(3c36a19694fa33d4f8972df9cab583c5) Importer(815301076,1909f56bfc062723c751e8b465ee728b)  -> (artifact id: '4d7593546f52cb97e1afde36a344a23a') in 0.016911 seconds 
========================================================================
Received Import Request.
  Time since last request: 0.000059 seconds.
  path: Assets/SD Unity-Chan Haon Custom/Models/Parts/Hair_01_Base.fbx
  artifactKey: Guid(0001e8f856c67ce4cbd40fee65534082) Importer(815301076,1909f56bfc062723c751e8b465ee728b)
Start importing Assets/SD Unity-Chan Haon Custom/Models/Parts/Hair_01_Base.fbx using Guid(0001e8f856c67ce4cbd40fee65534082) Importer(815301076,1909f56bfc062723c751e8b465ee728b)  -> (artifact id: 'f55ee8d1b92974d7f90f0646ffe4cc88') in 0.014718 seconds 
========================================================================
Received Import Request.
  Time since last request: 0.000036 seconds.
  path: Assets/SD Unity-Chan Haon Custom/Models/Parts/Costume_02.fbx
  artifactKey: Guid(dd4802cc7972ecb4699ed0b29916793f) Importer(815301076,1909f56bfc062723c751e8b465ee728b)
Start importing Assets/SD Unity-Chan Haon Custom/Models/Parts/Costume_02.fbx using Guid(dd4802cc7972ecb4699ed0b29916793f) Importer(815301076,1909f56bfc062723c751e8b465ee728b)  -> (artifact id: 'bbfbd86f88b47656598340841088776e') in 0.023645 seconds 
========================================================================
Received Import Request.
  Time since last request: 0.000037 seconds.
  path: Assets/SD Unity-Chan Haon Custom/Models/Parts/Hair_02_Front.fbx
  artifactKey: Guid(cade0cf166c5da34681e0c24647b45a1) Importer(815301076,1909f56bfc062723c751e8b465ee728b)
Start importing Assets/SD Unity-Chan Haon Custom/Models/Parts/Hair_02_Front.fbx using Guid(cade0cf166c5da34681e0c24647b45a1) Importer(815301076,1909f56bfc062723c751e8b465ee728b)  -> (artifact id: '3126488300a5fdf6e524561636d841ec') in 0.013304 seconds 
========================================================================
Received Import Request.
  Time since last request: 0.000053 seconds.
  path: Assets/SD Unity-Chan Haon Custom/Models/Parts/Eye_01_L.fbx
  artifactKey: Guid(2f676b8f712ef0f40825ad6df2132f8d) Importer(815301076,1909f56bfc062723c751e8b465ee728b)
Start importing Assets/SD Unity-Chan Haon Custom/Models/Parts/Eye_01_L.fbx using Guid(2f676b8f712ef0f40825ad6df2132f8d) Importer(815301076,1909f56bfc062723c751e8b465ee728b)  -> (artifact id: '9deeda5ac7b447ecab4544309971061e') in 0.014680 seconds 
Editor requested this worker to shutdown with reason: Scaling down because of idle timeout
AssetImportWorker is now disconnected from the server
Process exiting
